<?xml version="1.0" encoding="UTF-8"?>
<testsuite xmlns:xsi="http://www.w3.org/2001/XMLSchema-instance" xsi:noNamespaceSchemaLocation="https://maven.apache.org/surefire/maven-surefire-plugin/xsd/surefire-test-report-3.0.xsd" version="3.0" name="TestSuite" time="25.081" tests="18" errors="0" skipped="0" failures="1">
  <properties>
    <property name="gopherProxySet" value="false"/>
    <property name="awt.toolkit" value="sun.lwawt.macosx.LWCToolkit"/>
    <property name="file.encoding.pkg" value="sun.io"/>
    <property name="java.specification.version" value="1.8"/>
    <property name="sun.cpu.isalist" value=""/>
    <property name="sun.jnu.encoding" value="UTF-8"/>
    <property name="java.class.path" value="/Users/udayseshadri/Documents/UDRepo/elasticmq/target/test-classes:/Users/udayseshadri/Documents/UDRepo/elasticmq/target/classes:/Users/udayseshadri/.m2/repository/junit/junit/3.8.1/junit-3.8.1.jar:/Users/udayseshadri/.m2/repository/org/elasticmq/elasticmq-core_2.9.1/0.6.2/elasticmq-core_2.9.1-0.6.2.jar:/Users/udayseshadri/.m2/repository/org/elasticmq/elasticmq-api_2.9.1/0.6.2/elasticmq-api_2.9.1-0.6.2.jar:/Users/udayseshadri/.m2/repository/joda-time/joda-time/2.1/joda-time-2.1.jar:/Users/udayseshadri/.m2/repository/org/joda/joda-convert/1.2/joda-convert-1.2.jar:/Users/udayseshadri/.m2/repository/org/elasticmq/elasticmq-spi_2.9.1/0.6.2/elasticmq-spi_2.9.1-0.6.2.jar:/Users/udayseshadri/.m2/repository/org/scala-lang/scala-library/2.9.1/scala-library-2.9.1.jar:/Users/udayseshadri/.m2/repository/org/elasticmq/elasticmq-rest-sqs_2.9.1/0.6.1/elasticmq-rest-sqs_2.9.1-0.6.1.jar:/Users/udayseshadri/.m2/repository/org/elasticmq/elasticmq-rest-core_2.9.1/0.6.1/elasticmq-rest-core_2.9.1-0.6.1.jar:/Users/udayseshadri/.m2/repository/io/netty/netty/3.5.9.Final/netty-3.5.9.Final.jar:/Users/udayseshadri/.m2/repository/com/weiglewilczek/slf4s/slf4s_2.9.1/1.0.7/slf4s_2.9.1-1.0.7.jar:/Users/udayseshadri/.m2/repository/org/slf4j/slf4j-api/1.6.1/slf4j-api-1.6.1.jar:/Users/udayseshadri/.m2/repository/com/google/code/findbugs/jsr305/1.3.9/jsr305-1.3.9.jar:/Users/udayseshadri/.m2/repository/com/amazonaws/aws-java-sdk-sqs/1.11.609/aws-java-sdk-sqs-1.11.609.jar:/Users/udayseshadri/.m2/repository/com/amazonaws/aws-java-sdk-core/1.11.609/aws-java-sdk-core-1.11.609.jar:/Users/udayseshadri/.m2/repository/commons-logging/commons-logging/1.1.3/commons-logging-1.1.3.jar:/Users/udayseshadri/.m2/repository/org/apache/httpcomponents/httpclient/4.5.9/httpclient-4.5.9.jar:/Users/udayseshadri/.m2/repository/org/apache/httpcomponents/httpcore/4.4.11/httpcore-4.4.11.jar:/Users/udayseshadri/.m2/repository/commons-codec/commons-codec/1.11/commons-codec-1.11.jar:/Users/udayseshadri/.m2/repository/software/amazon/ion/ion-java/1.0.2/ion-java-1.0.2.jar:/Users/udayseshadri/.m2/repository/com/fasterxml/jackson/core/jackson-databind/2.6.7.2/jackson-databind-2.6.7.2.jar:/Users/udayseshadri/.m2/repository/com/fasterxml/jackson/core/jackson-annotations/2.6.0/jackson-annotations-2.6.0.jar:/Users/udayseshadri/.m2/repository/com/fasterxml/jackson/core/jackson-core/2.6.7/jackson-core-2.6.7.jar:/Users/udayseshadri/.m2/repository/com/fasterxml/jackson/dataformat/jackson-dataformat-cbor/2.6.7/jackson-dataformat-cbor-2.6.7.jar:/Users/udayseshadri/.m2/repository/com/amazonaws/jmespath-java/1.11.609/jmespath-java-1.11.609.jar:/Users/udayseshadri/.m2/repository/commons-io/commons-io/2.6/commons-io-2.6.jar:/Users/udayseshadri/.m2/repository/io/qameta/allure/allure-testng/2.12.1/allure-testng-2.12.1.jar:/Users/udayseshadri/.m2/repository/io/qameta/allure/allure-java-commons/2.12.1/allure-java-commons-2.12.1.jar:/Users/udayseshadri/.m2/repository/io/qameta/allure/allure-model/2.12.1/allure-model-2.12.1.jar:/Users/udayseshadri/.m2/repository/org/apache/tika/tika-core/1.20/tika-core-1.20.jar:/Users/udayseshadri/.m2/repository/org/jooq/joor-java-8/0.9.10/joor-java-8-0.9.10.jar:/Users/udayseshadri/.m2/repository/org/aspectj/aspectjweaver/1.8.10/aspectjweaver-1.8.10.jar:/Users/udayseshadri/.m2/repository/org/testng/testng/6.14.3/testng-6.14.3.jar:/Users/udayseshadri/.m2/repository/com/beust/jcommander/1.72/jcommander-1.72.jar:/Users/udayseshadri/.m2/repository/org/apache-extras/beanshell/bsh/2.0b6/bsh-2.0b6.jar:"/>
    <property name="java.vm.vendor" value="Oracle Corporation"/>
    <property name="sun.arch.data.model" value="64"/>
    <property name="java.vendor.url" value="http://java.oracle.com/"/>
    <property name="user.timezone" value=""/>
    <property name="user.country.format" value="IN"/>
    <property name="java.vm.specification.version" value="1.8"/>
    <property name="os.name" value="Mac OS X"/>
    <property name="user.country" value="GB"/>
    <property name="sun.java.launcher" value="SUN_STANDARD"/>
    <property name="sun.boot.library.path" value="/Library/Java/JavaVirtualMachines/jdk1.8.0_201.jdk/Contents/Home/jre/lib"/>
    <property name="sun.java.command" value="/Users/udayseshadri/Documents/UDRepo/elasticmq/target/surefire/surefirebooter7787676367574787027.jar /Users/udayseshadri/Documents/UDRepo/elasticmq/target/surefire 2019-08-19T09-19-29_520-jvmRun1 surefire5915289764003758166tmp surefire_03247198057138821138tmp"/>
    <property name="http.nonProxyHosts" value="local|*.local|169.254/16|*.169.254/16"/>
    <property name="surefire.test.class.path" value="/Users/udayseshadri/Documents/UDRepo/elasticmq/target/test-classes:/Users/udayseshadri/Documents/UDRepo/elasticmq/target/classes:/Users/udayseshadri/.m2/repository/junit/junit/3.8.1/junit-3.8.1.jar:/Users/udayseshadri/.m2/repository/org/elasticmq/elasticmq-core_2.9.1/0.6.2/elasticmq-core_2.9.1-0.6.2.jar:/Users/udayseshadri/.m2/repository/org/elasticmq/elasticmq-api_2.9.1/0.6.2/elasticmq-api_2.9.1-0.6.2.jar:/Users/udayseshadri/.m2/repository/joda-time/joda-time/2.1/joda-time-2.1.jar:/Users/udayseshadri/.m2/repository/org/joda/joda-convert/1.2/joda-convert-1.2.jar:/Users/udayseshadri/.m2/repository/org/elasticmq/elasticmq-spi_2.9.1/0.6.2/elasticmq-spi_2.9.1-0.6.2.jar:/Users/udayseshadri/.m2/repository/org/scala-lang/scala-library/2.9.1/scala-library-2.9.1.jar:/Users/udayseshadri/.m2/repository/org/elasticmq/elasticmq-rest-sqs_2.9.1/0.6.1/elasticmq-rest-sqs_2.9.1-0.6.1.jar:/Users/udayseshadri/.m2/repository/org/elasticmq/elasticmq-rest-core_2.9.1/0.6.1/elasticmq-rest-core_2.9.1-0.6.1.jar:/Users/udayseshadri/.m2/repository/io/netty/netty/3.5.9.Final/netty-3.5.9.Final.jar:/Users/udayseshadri/.m2/repository/com/weiglewilczek/slf4s/slf4s_2.9.1/1.0.7/slf4s_2.9.1-1.0.7.jar:/Users/udayseshadri/.m2/repository/org/slf4j/slf4j-api/1.6.1/slf4j-api-1.6.1.jar:/Users/udayseshadri/.m2/repository/com/google/code/findbugs/jsr305/1.3.9/jsr305-1.3.9.jar:/Users/udayseshadri/.m2/repository/com/amazonaws/aws-java-sdk-sqs/1.11.609/aws-java-sdk-sqs-1.11.609.jar:/Users/udayseshadri/.m2/repository/com/amazonaws/aws-java-sdk-core/1.11.609/aws-java-sdk-core-1.11.609.jar:/Users/udayseshadri/.m2/repository/commons-logging/commons-logging/1.1.3/commons-logging-1.1.3.jar:/Users/udayseshadri/.m2/repository/org/apache/httpcomponents/httpclient/4.5.9/httpclient-4.5.9.jar:/Users/udayseshadri/.m2/repository/org/apache/httpcomponents/httpcore/4.4.11/httpcore-4.4.11.jar:/Users/udayseshadri/.m2/repository/commons-codec/commons-codec/1.11/commons-codec-1.11.jar:/Users/udayseshadri/.m2/repository/software/amazon/ion/ion-java/1.0.2/ion-java-1.0.2.jar:/Users/udayseshadri/.m2/repository/com/fasterxml/jackson/core/jackson-databind/2.6.7.2/jackson-databind-2.6.7.2.jar:/Users/udayseshadri/.m2/repository/com/fasterxml/jackson/core/jackson-annotations/2.6.0/jackson-annotations-2.6.0.jar:/Users/udayseshadri/.m2/repository/com/fasterxml/jackson/core/jackson-core/2.6.7/jackson-core-2.6.7.jar:/Users/udayseshadri/.m2/repository/com/fasterxml/jackson/dataformat/jackson-dataformat-cbor/2.6.7/jackson-dataformat-cbor-2.6.7.jar:/Users/udayseshadri/.m2/repository/com/amazonaws/jmespath-java/1.11.609/jmespath-java-1.11.609.jar:/Users/udayseshadri/.m2/repository/commons-io/commons-io/2.6/commons-io-2.6.jar:/Users/udayseshadri/.m2/repository/io/qameta/allure/allure-testng/2.12.1/allure-testng-2.12.1.jar:/Users/udayseshadri/.m2/repository/io/qameta/allure/allure-java-commons/2.12.1/allure-java-commons-2.12.1.jar:/Users/udayseshadri/.m2/repository/io/qameta/allure/allure-model/2.12.1/allure-model-2.12.1.jar:/Users/udayseshadri/.m2/repository/org/apache/tika/tika-core/1.20/tika-core-1.20.jar:/Users/udayseshadri/.m2/repository/org/jooq/joor-java-8/0.9.10/joor-java-8-0.9.10.jar:/Users/udayseshadri/.m2/repository/org/aspectj/aspectjweaver/1.8.10/aspectjweaver-1.8.10.jar:/Users/udayseshadri/.m2/repository/org/testng/testng/6.14.3/testng-6.14.3.jar:/Users/udayseshadri/.m2/repository/com/beust/jcommander/1.72/jcommander-1.72.jar:/Users/udayseshadri/.m2/repository/org/apache-extras/beanshell/bsh/2.0b6/bsh-2.0b6.jar:"/>
    <property name="sun.cpu.endian" value="little"/>
    <property name="user.home" value="/Users/udayseshadri"/>
    <property name="user.language" value="en"/>
    <property name="java.specification.vendor" value="Oracle Corporation"/>
    <property name="java.home" value="/Library/Java/JavaVirtualMachines/jdk1.8.0_201.jdk/Contents/Home/jre"/>
    <property name="basedir" value="/Users/udayseshadri/Documents/UDRepo/elasticmq"/>
    <property name="file.separator" value="/"/>
    <property name="line.separator" value="&#10;"/>
    <property name="java.vm.specification.vendor" value="Oracle Corporation"/>
    <property name="java.specification.name" value="Java Platform API Specification"/>
    <property name="java.awt.graphicsenv" value="sun.awt.CGraphicsEnvironment"/>
    <property name="surefire.real.class.path" value="/Users/udayseshadri/Documents/UDRepo/elasticmq/target/surefire/surefirebooter7787676367574787027.jar:/Users/udayseshadri/.m2/repository/org/aspectj/aspectjweaver/1.8.10/aspectjweaver-1.8.10.jar"/>
    <property name="sun.boot.class.path" value="/Library/Java/JavaVirtualMachines/jdk1.8.0_201.jdk/Contents/Home/jre/lib/resources.jar:/Library/Java/JavaVirtualMachines/jdk1.8.0_201.jdk/Contents/Home/jre/lib/rt.jar:/Library/Java/JavaVirtualMachines/jdk1.8.0_201.jdk/Contents/Home/jre/lib/sunrsasign.jar:/Library/Java/JavaVirtualMachines/jdk1.8.0_201.jdk/Contents/Home/jre/lib/jsse.jar:/Library/Java/JavaVirtualMachines/jdk1.8.0_201.jdk/Contents/Home/jre/lib/jce.jar:/Library/Java/JavaVirtualMachines/jdk1.8.0_201.jdk/Contents/Home/jre/lib/charsets.jar:/Library/Java/JavaVirtualMachines/jdk1.8.0_201.jdk/Contents/Home/jre/lib/jfr.jar:/Library/Java/JavaVirtualMachines/jdk1.8.0_201.jdk/Contents/Home/jre/classes"/>
    <property name="sun.management.compiler" value="HotSpot 64-Bit Tiered Compilers"/>
    <property name="ftp.nonProxyHosts" value="local|*.local|169.254/16|*.169.254/16"/>
    <property name="java.runtime.version" value="1.8.0_201-b09"/>
    <property name="user.name" value="udayseshadri"/>
    <property name="path.separator" value=":"/>
    <property name="os.version" value="10.14.3"/>
    <property name="java.endorsed.dirs" value="/Library/Java/JavaVirtualMachines/jdk1.8.0_201.jdk/Contents/Home/jre/lib/endorsed"/>
    <property name="java.runtime.name" value="Java(TM) SE Runtime Environment"/>
    <property name="file.encoding" value="UTF-8"/>
    <property name="java.vm.name" value="Java HotSpot(TM) 64-Bit Server VM"/>
    <property name="localRepository" value="/Users/udayseshadri/.m2/repository"/>
    <property name="java.vendor.url.bug" value="http://bugreport.sun.com/bugreport/"/>
    <property name="java.io.tmpdir" value="/var/folders/cl/xq5fh30933q311nyk1bypsfm0000gn/T/"/>
    <property name="java.version" value="1.8.0_201"/>
    <property name="user.dir" value="/Users/udayseshadri/Documents/UDRepo/elasticmq"/>
    <property name="os.arch" value="x86_64"/>
    <property name="java.vm.specification.name" value="Java Virtual Machine Specification"/>
    <property name="java.awt.printerjob" value="sun.lwawt.macosx.CPrinterJob"/>
    <property name="sun.os.patch.level" value="unknown"/>
    <property name="java.library.path" value="/Users/udayseshadri/Library/Java/Extensions:/Library/Java/Extensions:/Network/Library/Java/Extensions:/System/Library/Java/Extensions:/usr/lib/java:."/>
    <property name="java.vm.info" value="mixed mode"/>
    <property name="java.vendor" value="Oracle Corporation"/>
    <property name="java.vm.version" value="25.201-b09"/>
    <property name="java.ext.dirs" value="/Users/udayseshadri/Library/Java/Extensions:/Library/Java/JavaVirtualMachines/jdk1.8.0_201.jdk/Contents/Home/jre/lib/ext:/Library/Java/Extensions:/Network/Library/Java/Extensions:/System/Library/Java/Extensions:/usr/lib/java"/>
    <property name="sun.io.unicode.encoding" value="UnicodeBig"/>
    <property name="java.class.version" value="52.0"/>
    <property name="socksNonProxyHosts" value="local|*.local|169.254/16|*.169.254/16"/>
  </properties>
  <testcase name="testCreateQueueWithBlankQueueName" classname="com.testingfoo.tests.standardQueue.CreateBlankNameQueueTest" time="1.049"/>
  <testcase name="tearDownMethod" classname="com.testingfoo.tests.standardQueue.CreateBlankNameQueueTest" time="1.224">
    <failure message="InvalidAction; see the SQS docs. (Service: AmazonSQS; Status Code: 400; Error Code: InvalidAction; Request ID: 00000000-0000-0000-0000-000000000000)" type="com.amazonaws.services.sqs.model.AmazonSQSException">com.amazonaws.services.sqs.model.AmazonSQSException: InvalidAction; see the SQS docs. (Service: AmazonSQS; Status Code: 400; Error Code: InvalidAction; Request ID: 00000000-0000-0000-0000-000000000000)
	at com.testingfoo.tests.standardQueue.CreateBlankNameQueueTest.tearDownMethod(CreateBlankNameQueueTest.java:35)
</failure>
    <system-out><![CDATA[Deleting the test queue:http://localhost:9324/queue/

]]></system-out>
  </testcase>
  <testcase name="testCreateQueue" classname="com.testingfoo.tests.standardQueue.CreateQueueTest" time="0.052"/>
  <testcase name="testCreateQueuewithVisibilityTimeOut" classname="com.testingfoo.tests.standardQueue.CreateQueueWithSpecifiedVisibilityTimeout" time="6.188"/>
  <testcase name="testCreateQueueWithInvalidQueueNames" classname="com.testingfoo.tests.standardQueue.CreateQueueWithInvalidQueueNames" time="0.1"/>
  <testcase name="testCreateQueueWithInvalidQueueNames" classname="com.testingfoo.tests.standardQueue.CreateQueueWithInvalidQueueNames" time="0.093"/>
  <testcase name="testSendSimpleMessage" classname="com.testingfoo.tests.standardQueue.SendAndRecieveBasicMessage" time="0.034"/>
  <testcase name="testSendBatchMessagesToTheQueue" classname="com.testingfoo.tests.standardQueue.SendAndRecieveBatchMessages" time="0.06"/>
  <testcase name="testSendDifferentMessagesToTheQueue" classname="com.testingfoo.tests.standardQueue.SendAndRecieveDifferentMessages" time="0.032"/>
  <testcase name="testSendDifferentMessagesToTheQueue" classname="com.testingfoo.tests.standardQueue.SendAndRecieveDifferentMessages" time="0.029"/>
  <testcase name="testSendDifferentMessagesToTheQueue" classname="com.testingfoo.tests.standardQueue.SendAndRecieveDifferentMessages" time="0.02"/>
  <testcase name="testSendDifferentMessagesToTheQueue" classname="com.testingfoo.tests.standardQueue.SendAndRecieveDifferentMessages" time="0.039"/>
  <testcase name="testSendDifferentMessagesToTheQueue" classname="com.testingfoo.tests.standardQueue.SendAndRecieveDifferentMessages" time="0.031"/>
  <testcase name="testSendDifferentMessagesToTheQueue" classname="com.testingfoo.tests.standardQueue.SendAndRecieveDifferentMessages" time="0.032"/>
  <testcase name="testSendInvalidMessageToTheQueue" classname="com.testingfoo.tests.standardQueue.SendInvalidLargeMessage" time="0.289"/>
  <testcase name="testSendJSONMessagesToTheQueue" classname="com.testingfoo.tests.standardQueue.SendAndRecieveJsonMessages" time="0.036"/>
  <testcase name="testSendMessageWithDelay" classname="com.testingfoo.tests.standardQueue.SendAndRecieveMessageWithDelay" time="10.028"/>
  <testcase name="testSendInvalidNullMessageToTheQueue" classname="com.testingfoo.tests.standardQueue.SendInvalidNullMessage" time="0.595"/>
</testsuite>