<?xml version="1.0" encoding="UTF-8"?>
<!-- Generated by org.testng.reporters.JUnitReportReporter -->
<testsuite skipped="0" hostname="192-168-1-5.tpgi.com.au" name="com.testingfoo.tests.CreateQueueWithSpecifiedVisibilityTimeout" tests="1" failures="0" timestamp="15 Aug 2019 13:51:08 GMT" time="0.143" errors="0">
  <testcase name="testCreateQueuewithVisibilityTimeOut" time="0.143" classname="com.testingfoo.tests.CreateQueueWithSpecifiedVisibilityTimeout"/>
</testsuite> <!-- com.testingfoo.tests.CreateQueueWithSpecifiedVisibilityTimeout -->
