<?xml version="1.0" encoding="UTF-8"?>
<!-- Generated by org.testng.reporters.JUnitReportReporter -->
<testsuite skipped="0" hostname="192-168-1-5.tpgi.com.au" name="com.testingfoo.tests.SendDifferentMessagesToTheStandardQueue" tests="5" failures="0" timestamp="15 Aug 2019 13:51:08 GMT" time="0.622" errors="0">
  <testcase name="testSendDifferentMessagesToTheQueue" time="0.112" classname="com.testingfoo.tests.SendDifferentMessagesToTheStandardQueue"/>
  <testcase name="testSendDifferentMessagesToTheQueue" time="0.122" classname="com.testingfoo.tests.SendDifferentMessagesToTheStandardQueue"/>
  <testcase name="testSendDifferentMessagesToTheQueue" time="0.123" classname="com.testingfoo.tests.SendDifferentMessagesToTheStandardQueue"/>
  <testcase name="testSendDifferentMessagesToTheQueue" time="0.108" classname="com.testingfoo.tests.SendDifferentMessagesToTheStandardQueue"/>
  <testcase name="testSendDifferentMessagesToTheQueue" time="0.157" classname="com.testingfoo.tests.SendDifferentMessagesToTheStandardQueue"/>
</testsuite> <!-- com.testingfoo.tests.SendDifferentMessagesToTheStandardQueue -->
