<?xml version="1.0" encoding="UTF-8"?>
<!-- Generated by org.testng.reporters.JUnitReportReporter -->
<testsuite skipped="0" hostname="192-168-1-5.tpgi.com.au" name="com.testingfoo.tests.standardQueue.SendAndRecieveDifferentMessages" tests="6" failures="0" timestamp="18 Aug 2019 23:13:44 GMT" time="0.476" errors="0">
  <testcase name="testSendDifferentMessagesToTheQueue" time="0.085" classname="com.testingfoo.tests.standardQueue.SendAndRecieveDifferentMessages"/>
  <testcase name="testSendDifferentMessagesToTheQueue" time="0.104" classname="com.testingfoo.tests.standardQueue.SendAndRecieveDifferentMessages"/>
  <testcase name="testSendDifferentMessagesToTheQueue" time="0.081" classname="com.testingfoo.tests.standardQueue.SendAndRecieveDifferentMessages"/>
  <testcase name="testSendDifferentMessagesToTheQueue" time="0.078" classname="com.testingfoo.tests.standardQueue.SendAndRecieveDifferentMessages"/>
  <testcase name="testSendDifferentMessagesToTheQueue" time="0.062" classname="com.testingfoo.tests.standardQueue.SendAndRecieveDifferentMessages"/>
  <testcase name="testSendDifferentMessagesToTheQueue" time="0.066" classname="com.testingfoo.tests.standardQueue.SendAndRecieveDifferentMessages"/>
</testsuite> <!-- com.testingfoo.tests.standardQueue.SendAndRecieveDifferentMessages -->
