<?xml version="1.0" encoding="UTF-8"?>
<!-- Generated by org.testng.reporters.JUnitReportReporter -->
<testsuite skipped="0" hostname="192-168-1-5.tpgi.com.au" name="com.testingfoo.tests.standardQueue.CreateQueueTest" tests="1" failures="0" timestamp="18 Aug 2019 23:13:44 GMT" time="0.076" errors="0">
  <testcase name="testCreateQueue" time="0.076" classname="com.testingfoo.tests.standardQueue.CreateQueueTest"/>
</testsuite> <!-- com.testingfoo.tests.standardQueue.CreateQueueTest -->
