<?xml version="1.0" encoding="UTF-8"?>
<!-- Generated by org.testng.reporters.JUnitReportReporter -->
<testsuite skipped="0" hostname="192-168-1-5.tpgi.com.au" name="com.testingfoo.tests.createQueueTest" tests="1" failures="0" timestamp="15 Aug 2019 13:51:08 GMT" time="0.825" errors="0">
  <testcase name="testCreateQueue" time="0.825" classname="com.testingfoo.tests.createQueueTest"/>
</testsuite> <!-- com.testingfoo.tests.createQueueTest -->
