<?xml version="1.0" encoding="UTF-8"?>
<!-- Generated by org.testng.reporters.JUnitReportReporter -->
<testsuite skipped="0" hostname="192-168-1-5.tpgi.com.au" name="com.testingfoo.tests.standardQueue.SendJsonMessages" tests="1" failures="0" timestamp="18 Aug 2019 16:55:38 GMT" time="0.125" errors="0">
  <testcase name="testSendJSONMessagesToTheQueue" time="0.125" classname="com.testingfoo.tests.standardQueue.SendJsonMessages"/>
</testsuite> <!-- com.testingfoo.tests.standardQueue.SendJsonMessages -->
