<?xml version="1.0" encoding="UTF-8"?>
<!-- Generated by org.testng.reporters.JUnitReportReporter -->
<testsuite skipped="0" hostname="192-168-1-5.tpgi.com.au" name="com.testingfoo.tests.standardQueue.SendNullMessage" tests="1" failures="0" timestamp="18 Aug 2019 23:02:44 GMT" time="1.693" errors="0">
  <testcase name="testSendDifferentMessagesToTheQueue" time="1.693" classname="com.testingfoo.tests.standardQueue.SendNullMessage"/>
</testsuite> <!-- com.testingfoo.tests.standardQueue.SendNullMessage -->
