<?xml version="1.0" encoding="UTF-8"?>
<!-- Generated by org.testng.reporters.JUnitReportReporter -->
<testsuite skipped="0" hostname="192-168-1-5.tpgi.com.au" name="com.testingfoo.tests.SendMessageToTheStandardQueue" tests="1" failures="0" timestamp="15 Aug 2019 13:51:08 GMT" time="0.415" errors="0">
  <testcase name="test" time="0.415" classname="com.testingfoo.tests.SendMessageToTheStandardQueue"/>
</testsuite> <!-- com.testingfoo.tests.SendMessageToTheStandardQueue -->
