<?xml version="1.0" encoding="UTF-8"?>
<!-- Generated by org.testng.reporters.JUnitReportReporter -->
<testsuite skipped="0" hostname="192-168-1-5.tpgi.com.au" name="com.testingfoo.tests.standardQueue.SendDifferentMessages" tests="6" failures="0" timestamp="18 Aug 2019 22:47:15 GMT" time="1.795" errors="0">
  <testcase name="testSendDifferentMessagesToTheQueue" time="1.221" classname="com.testingfoo.tests.standardQueue.SendDifferentMessages"/>
  <testcase name="testSendDifferentMessagesToTheQueue" time="0.087" classname="com.testingfoo.tests.standardQueue.SendDifferentMessages"/>
  <testcase name="testSendDifferentMessagesToTheQueue" time="0.100" classname="com.testingfoo.tests.standardQueue.SendDifferentMessages"/>
  <testcase name="testSendDifferentMessagesToTheQueue" time="0.094" classname="com.testingfoo.tests.standardQueue.SendDifferentMessages"/>
  <testcase name="testSendDifferentMessagesToTheQueue" time="0.200" classname="com.testingfoo.tests.standardQueue.SendDifferentMessages"/>
  <testcase name="testSendDifferentMessagesToTheQueue" time="0.093" classname="com.testingfoo.tests.standardQueue.SendDifferentMessages"/>
</testsuite> <!-- com.testingfoo.tests.standardQueue.SendDifferentMessages -->
