<?xml version="1.0" encoding="UTF-8"?>
<!-- Generated by org.testng.reporters.JUnitReportReporter -->
<testsuite skipped="0" hostname="192-168-1-5.tpgi.com.au" name="com.testingfoo.tests.SendMinimalMessageToTheStandardQueue" tests="1" failures="0" timestamp="15 Aug 2019 12:56:29 GMT" time="1.559" errors="0">
  <testcase name="testSendDifferentMessagesToTheQueue" time="1.559" classname="com.testingfoo.tests.SendMinimalMessageToTheStandardQueue"/>
</testsuite> <!-- com.testingfoo.tests.SendMinimalMessageToTheStandardQueue -->
