<?xml version="1.0" encoding="UTF-8"?>
<!-- Generated by org.testng.reporters.JUnitReportReporter -->
<testsuite skipped="0" hostname="192-168-1-5.tpgi.com.au" name="com.testingfoo.tests.SendMessageWithDelayMessages" tests="1" failures="0" timestamp="16 Aug 2019 14:03:55 GMT" time="10.762" errors="0">
  <testcase name="testSendJSONMessagesToTheQueue" time="10.762" classname="com.testingfoo.tests.SendMessageWithDelayMessages"/>
</testsuite> <!-- com.testingfoo.tests.SendMessageWithDelayMessages -->
