<?xml version="1.0" encoding="UTF-8"?>
<!-- Generated by org.testng.reporters.JUnitReportReporter -->
<testsuite skipped="0" hostname="192-168-1-5.tpgi.com.au" name="com.testingfoo.tests.SendXMLMessagesToTheStandardQueue" tests="1" failures="0" timestamp="16 Aug 2019 03:01:23 GMT" time="0.925" errors="0">
  <testcase name="testSendDifferentMessagesToTheQueue" time="0.925" classname="com.testingfoo.tests.SendXMLMessagesToTheStandardQueue"/>
</testsuite> <!-- com.testingfoo.tests.SendXMLMessagesToTheStandardQueue -->
