<?xml version="1.0" encoding="UTF-8"?>
<!-- Generated by org.testng.reporters.JUnitReportReporter -->
<testsuite skipped="0" hostname="192-168-1-5.tpgi.com.au" name="com.testingfoo.tests.SendBatchMessagesToTheStandardQueue" tests="1" failures="0" timestamp="15 Aug 2019 15:12:12 GMT" time="0.499" errors="0">
  <testcase name="testSendDifferentMessagesToTheQueue" time="0.499" classname="com.testingfoo.tests.SendBatchMessagesToTheStandardQueue"/>
</testsuite> <!-- com.testingfoo.tests.SendBatchMessagesToTheStandardQueue -->
