<?xml version="1.0" encoding="UTF-8"?>
<!-- Generated by org.testng.reporters.JUnitReportReporter -->
<testsuite skipped="0" hostname="192-168-1-5.tpgi.com.au" name="com.testingfoo.tests.standardQueue.SendAndRecieveBatchMessages" tests="1" failures="0" timestamp="18 Aug 2019 23:19:57 GMT" time="0.152" errors="0">
  <testcase name="testSendBatchMessagesToTheQueue" time="0.152" classname="com.testingfoo.tests.standardQueue.SendAndRecieveBatchMessages"/>
</testsuite> <!-- com.testingfoo.tests.standardQueue.SendAndRecieveBatchMessages -->
