<?xml version="1.0" encoding="UTF-8"?>
<!-- Generated by org.testng.reporters.JUnitReportReporter -->
<testsuite skipped="0" hostname="192-168-1-5.tpgi.com.au" name="com.testingfoo.tests.standardQueue.SendInvalidLargeMessage" tests="1" failures="0" timestamp="18 Aug 2019 23:19:57 GMT" time="0.334" errors="0">
  <testcase name="testSendInvalidMessageToTheQueue" time="0.334" classname="com.testingfoo.tests.standardQueue.SendInvalidLargeMessage"/>
</testsuite> <!-- com.testingfoo.tests.standardQueue.SendInvalidLargeMessage -->
