<?xml version="1.0" encoding="UTF-8"?>
<!-- Generated by org.testng.reporters.JUnitReportReporter -->
<testsuite skipped="0" hostname="192-168-1-5.tpgi.com.au" name="com.testingfoo.tests.standardQueue.SendAndRecieveBasicMessage" tests="1" failures="0" timestamp="18 Aug 2019 23:19:57 GMT" time="0.140" errors="0">
  <testcase name="testSendSimpleMessage" time="0.140" classname="com.testingfoo.tests.standardQueue.SendAndRecieveBasicMessage"/>
</testsuite> <!-- com.testingfoo.tests.standardQueue.SendAndRecieveBasicMessage -->
