<?xml version="1.0" encoding="UTF-8"?>
<!-- Generated by org.testng.reporters.JUnitReportReporter -->
<testsuite skipped="0" hostname="192-168-1-5.tpgi.com.au" name="com.testingfoo.tests.standardQueue.CreateQueueWithInvalidQueueNames" tests="2" failures="0" timestamp="18 Aug 2019 23:19:57 GMT" time="0.266" errors="0">
  <testcase name="testCreateQueueWithInvalidQueueNames" time="0.144" classname="com.testingfoo.tests.standardQueue.CreateQueueWithInvalidQueueNames"/>
  <testcase name="testCreateQueueWithInvalidQueueNames" time="0.122" classname="com.testingfoo.tests.standardQueue.CreateQueueWithInvalidQueueNames"/>
</testsuite> <!-- com.testingfoo.tests.standardQueue.CreateQueueWithInvalidQueueNames -->
